{"/Users/john/Documents/rails-projects/social-media-app/babel.config.js": {"path":"/Users/john/Documents/rails-projects/social-media-app/babel.config.js","statementMap":{"0":{"start":{"line":1,"column":0},"end":{"line":87,"column":1}},"1":{"start":{"line":2,"column":17},"end":{"line":2,"column":54}},"2":{"start":{"line":3,"column":19},"end":{"line":3,"column":28}},"3":{"start":{"line":4,"column":25},"end":{"line":4,"column":47}},"4":{"start":{"line":5,"column":24},"end":{"line":5,"column":45}},"5":{"start":{"line":6,"column":18},"end":{"line":6,"column":33}},"6":{"start":{"line":8,"column":2},"end":{"line":16,"column":3}},"7":{"start":{"line":9,"column":4},"end":{"line":15,"column":5}},"8":{"start":{"line":18,"column":2},"end":{"line":86,"column":3}}},"fnMap":{"0":{"name":"(anonymous_0)","decl":{"start":{"line":1,"column":17},"end":{"line":1,"column":18}},"loc":{"start":{"line":1,"column":31},"end":{"line":87,"column":1}},"line":1}},"branchMap":{"0":{"loc":{"start":{"line":8,"column":2},"end":{"line":16,"column":3}},"type":"if","locations":[{"start":{"line":8,"column":2},"end":{"line":16,"column":3}},{"start":{"line":8,"column":2},"end":{"line":16,"column":3}}],"line":8},"1":{"loc":{"start":{"line":20,"column":6},"end":{"line":29,"column":7}},"type":"binary-expr","locations":[{"start":{"line":20,"column":6},"end":{"line":20,"column":15}},{"start":{"line":20,"column":19},"end":{"line":29,"column":7}}],"line":20},"2":{"loc":{"start":{"line":30,"column":6},"end":{"line":39,"column":7}},"type":"binary-expr","locations":[{"start":{"line":30,"column":7},"end":{"line":30,"column":22}},{"start":{"line":30,"column":26},"end":{"line":30,"column":42}},{"start":{"line":30,"column":47},"end":{"line":39,"column":7}}],"line":30},"3":{"loc":{"start":{"line":43,"column":23},"end":{"line":43,"column":52}},"type":"binary-expr","locations":[{"start":{"line":43,"column":23},"end":{"line":43,"column":39}},{"start":{"line":43,"column":43},"end":{"line":43,"column":52}}],"line":43},"4":{"loc":{"start":{"line":51,"column":6},"end":{"line":51,"column":53}},"type":"binary-expr","locations":[{"start":{"line":51,"column":6},"end":{"line":51,"column":15}},{"start":{"line":51,"column":19},"end":{"line":51,"column":53}}],"line":51},"5":{"loc":{"start":{"line":79,"column":6},"end":{"line":84,"column":7}},"type":"binary-expr","locations":[{"start":{"line":79,"column":6},"end":{"line":79,"column":21}},{"start":{"line":79,"column":25},"end":{"line":84,"column":7}}],"line":79}},"s":{"0":0,"1":0,"2":0,"3":0,"4":0,"5":0,"6":0,"7":0,"8":0},"f":{"0":0},"b":{"0":[0,0],"1":[0,0],"2":[0,0,0],"3":[0,0],"4":[0,0],"5":[0,0]}}
,"/Users/john/Documents/rails-projects/social-media-app/postcss.config.js": {"path":"/Users/john/Documents/rails-projects/social-media-app/postcss.config.js","statementMap":{"0":{"start":{"line":1,"column":0},"end":{"line":12,"column":1}}},"fnMap":{},"branchMap":{},"s":{"0":0},"f":{},"b":{}}
,"/Users/john/Documents/rails-projects/social-media-app/app/javascript/channels/consumer.js": {"path":"/Users/john/Documents/rails-projects/social-media-app/app/javascript/channels/consumer.js","statementMap":{},"fnMap":{},"branchMap":{},"s":{},"f":{},"b":{}}
,"/Users/john/Documents/rails-projects/social-media-app/app/javascript/channels/index.js": {"path":"/Users/john/Documents/rails-projects/social-media-app/app/javascript/channels/index.js","statementMap":{"0":{"start":{"line":4,"column":17},"end":{"line":4,"column":60}},"1":{"start":{"line":5,"column":0},"end":{"line":5,"column":33}}},"fnMap":{},"branchMap":{},"s":{"0":0,"1":0},"f":{},"b":{}}
,"/Users/john/Documents/rails-projects/social-media-app/app/javascript/components/App.js": {"path":"/Users/john/Documents/rails-projects/social-media-app/app/javascript/components/App.js","statementMap":{"0":{"start":{"line":7,"column":4},"end":{"line":14,"column":6}},"1":{"start":{"line":11,"column":63},"end":{"line":11,"column":102}}},"fnMap":{"0":{"name":"App","decl":{"start":{"line":6,"column":9},"end":{"line":6,"column":12}},"loc":{"start":{"line":6,"column":15},"end":{"line":15,"column":1}},"line":6},"1":{"name":"(anonymous_1)","decl":{"start":{"line":11,"column":55},"end":{"line":11,"column":56}},"loc":{"start":{"line":11,"column":61},"end":{"line":11,"column":104}},"line":11}},"branchMap":{},"s":{"0":1,"1":0},"f":{"0":1,"1":0},"b":{},"_coverageSchema":"1a1c01bbd47fc00a2c39e90264f33305004495a9","hash":"7c60092b2763193e30f13f491fab7f4d83dd6fe6"}
,"/Users/john/Documents/rails-projects/social-media-app/app/javascript/components/Footer.js": {"path":"/Users/john/Documents/rails-projects/social-media-app/app/javascript/components/Footer.js","statementMap":{"0":{"start":{"line":5,"column":15},"end":{"line":15,"column":1}},"1":{"start":{"line":6,"column":4},"end":{"line":13,"column":5}}},"fnMap":{"0":{"name":"(anonymous_0)","decl":{"start":{"line":5,"column":15},"end":{"line":5,"column":16}},"loc":{"start":{"line":5,"column":27},"end":{"line":15,"column":1}},"line":5}},"branchMap":{},"s":{"0":1,"1":0},"f":{"0":0},"b":{},"_coverageSchema":"1a1c01bbd47fc00a2c39e90264f33305004495a9","hash":"9691140a7b92b721f70a572d58c77d5f77d81450"}
,"/Users/john/Documents/rails-projects/social-media-app/app/javascript/components/_main.js.jsx": {"path":"/Users/john/Documents/rails-projects/social-media-app/app/javascript/components/_main.js.jsx","statementMap":{"0":{"start":{"line":3,"column":13},"end":{"line":9,"column":1}},"1":{"start":{"line":4,"column":4},"end":{"line":8,"column":4}}},"fnMap":{"0":{"name":"(anonymous_0)","decl":{"start":{"line":3,"column":13},"end":{"line":3,"column":14}},"loc":{"start":{"line":3,"column":24},"end":{"line":9,"column":1}},"line":3}},"branchMap":{},"s":{"0":0,"1":0},"f":{"0":0},"b":{}}
,"/Users/john/Documents/rails-projects/social-media-app/app/javascript/components/checkmark.js": {"path":"/Users/john/Documents/rails-projects/social-media-app/app/javascript/components/checkmark.js","statementMap":{"0":{"start":{"line":3,"column":24},"end":{"line":7,"column":1}},"1":{"start":{"line":9,"column":19},"end":{"line":17,"column":1}},"2":{"start":{"line":19,"column":18},"end":{"line":28,"column":1}},"3":{"start":{"line":20,"column":4},"end":{"line":27,"column":6}}},"fnMap":{"0":{"name":"(anonymous_0)","decl":{"start":{"line":19,"column":18},"end":{"line":19,"column":19}},"loc":{"start":{"line":19,"column":29},"end":{"line":28,"column":1}},"line":19}},"branchMap":{},"s":{"0":1,"1":1,"2":1,"3":0},"f":{"0":0},"b":{},"_coverageSchema":"1a1c01bbd47fc00a2c39e90264f33305004495a9","hash":"91d1b602b51c9dda0288834240c3c91cc329f918"}
,"/Users/john/Documents/rails-projects/social-media-app/app/javascript/components/menu.js": {"path":"/Users/john/Documents/rails-projects/social-media-app/app/javascript/components/menu.js","statementMap":{"0":{"start":{"line":4,"column":13},"end":{"line":18,"column":1}},"1":{"start":{"line":5,"column":4},"end":{"line":17,"column":16}}},"fnMap":{"0":{"name":"(anonymous_0)","decl":{"start":{"line":4,"column":13},"end":{"line":4,"column":14}},"loc":{"start":{"line":4,"column":24},"end":{"line":18,"column":1}},"line":4}},"branchMap":{"0":{"loc":{"start":{"line":8,"column":26},"end":{"line":8,"column":81}},"type":"cond-expr","locations":[{"start":{"line":8,"column":47},"end":{"line":8,"column":65}},{"start":{"line":8,"column":66},"end":{"line":8,"column":81}}],"line":8},"1":{"loc":{"start":{"line":11,"column":26},"end":{"line":11,"column":90}},"type":"cond-expr","locations":[{"start":{"line":11,"column":51},"end":{"line":11,"column":69}},{"start":{"line":11,"column":72},"end":{"line":11,"column":90}}],"line":11},"2":{"loc":{"start":{"line":14,"column":26},"end":{"line":14,"column":90}},"type":"cond-expr","locations":[{"start":{"line":14,"column":51},"end":{"line":14,"column":69}},{"start":{"line":14,"column":72},"end":{"line":14,"column":90}}],"line":14}},"s":{"0":1,"1":0},"f":{"0":0},"b":{"0":[0,0],"1":[0,0],"2":[0,0]},"_coverageSchema":"1a1c01bbd47fc00a2c39e90264f33305004495a9","hash":"31daf5941b5832630fcc39d0aab218bbcf6deda9"}
,"/Users/john/Documents/rails-projects/social-media-app/app/javascript/helpers/validation.js": {"path":"/Users/john/Documents/rails-projects/social-media-app/app/javascript/helpers/validation.js","statementMap":{"0":{"start":{"line":1,"column":36},"end":{"line":3,"column":1}},"1":{"start":{"line":2,"column":0},"end":{"line":2,"column":18}},"2":{"start":{"line":5,"column":35},"end":{"line":12,"column":1}},"3":{"start":{"line":6,"column":19},"end":{"line":6,"column":21}},"4":{"start":{"line":8,"column":1},"end":{"line":10,"column":2}},"5":{"start":{"line":9,"column":2},"end":{"line":9,"column":52}},"6":{"start":{"line":11,"column":1},"end":{"line":11,"column":18}}},"fnMap":{"0":{"name":"(anonymous_0)","decl":{"start":{"line":1,"column":36},"end":{"line":1,"column":37}},"loc":{"start":{"line":1,"column":47},"end":{"line":3,"column":1}},"line":1},"1":{"name":"(anonymous_1)","decl":{"start":{"line":5,"column":35},"end":{"line":5,"column":36}},"loc":{"start":{"line":5,"column":45},"end":{"line":12,"column":1}},"line":5}},"branchMap":{},"s":{"0":2,"1":4,"2":2,"3":1,"4":1,"5":4,"6":1},"f":{"0":4,"1":1},"b":{},"_coverageSchema":"1a1c01bbd47fc00a2c39e90264f33305004495a9","hash":"361da6349fee15ceeb4c3c673815146d7e39a9ed"}
,"/Users/john/Documents/rails-projects/social-media-app/app/javascript/packs/application.js": {"path":"/Users/john/Documents/rails-projects/social-media-app/app/javascript/packs/application.js","statementMap":{"0":{"start":{"line":11,"column":0},"end":{"line":11,"column":13}},"1":{"start":{"line":12,"column":0},"end":{"line":12,"column":18}},"2":{"start":{"line":13,"column":0},"end":{"line":13,"column":21}}},"fnMap":{},"branchMap":{},"s":{"0":0,"1":0,"2":0},"f":{},"b":{}}
,"/Users/john/Documents/rails-projects/social-media-app/app/javascript/packs/index.js": {"path":"/Users/john/Documents/rails-projects/social-media-app/app/javascript/packs/index.js","statementMap":{"0":{"start":{"line":11,"column":0},"end":{"line":21,"column":2}},"1":{"start":{"line":12,"column":2},"end":{"line":20,"column":3}}},"fnMap":{"0":{"name":"(anonymous_0)","decl":{"start":{"line":11,"column":46},"end":{"line":11,"column":47}},"loc":{"start":{"line":11,"column":52},"end":{"line":21,"column":1}},"line":11}},"branchMap":{},"s":{"0":0,"1":0},"f":{"0":0},"b":{}}
,"/Users/john/Documents/rails-projects/social-media-app/app/javascript/redux/Actions/signupAction.js": {"path":"/Users/john/Documents/rails-projects/social-media-app/app/javascript/redux/Actions/signupAction.js","statementMap":{"0":{"start":{"line":3,"column":26},"end":{"line":25,"column":1}},"1":{"start":{"line":3,"column":36},"end":{"line":25,"column":1}},"2":{"start":{"line":4,"column":1},"end":{"line":4,"column":46}},"3":{"start":{"line":5,"column":1},"end":{"line":24,"column":2}},"4":{"start":{"line":6,"column":20},"end":{"line":11,"column":10}},"5":{"start":{"line":12,"column":8},"end":{"line":12,"column":59}},"6":{"start":{"line":13,"column":2},"end":{"line":16,"column":11}},"7":{"start":{"line":18,"column":8},"end":{"line":21,"column":11}},"8":{"start":{"line":23,"column":8},"end":{"line":23,"column":54}}},"fnMap":{"0":{"name":"(anonymous_0)","decl":{"start":{"line":3,"column":26},"end":{"line":3,"column":27}},"loc":{"start":{"line":3,"column":36},"end":{"line":25,"column":1}},"line":3},"1":{"name":"(anonymous_1)","decl":{"start":{"line":3,"column":36},"end":{"line":3,"column":37}},"loc":{"start":{"line":3,"column":56},"end":{"line":25,"column":1}},"line":3}},"branchMap":{},"s":{"0":3,"1":2,"2":2,"3":2,"4":2,"5":1,"6":1,"7":1,"8":2},"f":{"0":2,"1":2},"b":{},"_coverageSchema":"1a1c01bbd47fc00a2c39e90264f33305004495a9","hash":"18e28a10cbe07b5602677e1a0fd5416e8e4ed1e6"}
,"/Users/john/Documents/rails-projects/social-media-app/app/javascript/redux/reducers/index.js": {"path":"/Users/john/Documents/rails-projects/social-media-app/app/javascript/redux/reducers/index.js","statementMap":{},"fnMap":{},"branchMap":{},"s":{},"f":{},"b":{},"_coverageSchema":"1a1c01bbd47fc00a2c39e90264f33305004495a9","hash":"99e4a5b6d24044fc9c89ab20d15830f56d62ba51"}
,"/Users/john/Documents/rails-projects/social-media-app/app/javascript/redux/reducers/signupReducer.js": {"path":"/Users/john/Documents/rails-projects/social-media-app/app/javascript/redux/reducers/signupReducer.js","statementMap":{"0":{"start":{"line":1,"column":22},"end":{"line":21,"column":1}},"1":{"start":{"line":2,"column":4},"end":{"line":20,"column":5}},"2":{"start":{"line":4,"column":12},"end":{"line":7,"column":14}},"3":{"start":{"line":9,"column":12},"end":{"line":12,"column":14}},"4":{"start":{"line":14,"column":12},"end":{"line":17,"column":14}},"5":{"start":{"line":19,"column":12},"end":{"line":19,"column":25}}},"fnMap":{"0":{"name":"(anonymous_0)","decl":{"start":{"line":1,"column":22},"end":{"line":1,"column":23}},"loc":{"start":{"line":1,"column":46},"end":{"line":21,"column":1}},"line":1}},"branchMap":{"0":{"loc":{"start":{"line":1,"column":23},"end":{"line":1,"column":33}},"type":"default-arg","locations":[{"start":{"line":1,"column":31},"end":{"line":1,"column":33}}],"line":1},"1":{"loc":{"start":{"line":2,"column":4},"end":{"line":20,"column":5}},"type":"switch","locations":[{"start":{"line":3,"column":8},"end":{"line":7,"column":14}},{"start":{"line":8,"column":8},"end":{"line":12,"column":14}},{"start":{"line":13,"column":8},"end":{"line":17,"column":14}},{"start":{"line":18,"column":8},"end":{"line":19,"column":25}}],"line":2}},"s":{"0":2,"1":7,"2":1,"3":1,"4":1,"5":4},"f":{"0":7},"b":{"0":[4],"1":[1,1,1,4]},"_coverageSchema":"1a1c01bbd47fc00a2c39e90264f33305004495a9","hash":"ec1085f30870ffadbabf5276604514145044050d"}
,"/Users/john/Documents/rails-projects/social-media-app/app/javascript/views/LandingPage.js": {"path":"/Users/john/Documents/rails-projects/social-media-app/app/javascript/views/LandingPage.js","statementMap":{"0":{"start":{"line":11,"column":20},"end":{"line":98,"column":1}},"1":{"start":{"line":12,"column":28},"end":{"line":12,"column":43}},"2":{"start":{"line":14,"column":4},"end":{"line":18,"column":9}},"3":{"start":{"line":15,"column":8},"end":{"line":17,"column":9}},"4":{"start":{"line":16,"column":12},"end":{"line":16,"column":25}},"5":{"start":{"line":19,"column":4},"end":{"line":97,"column":6}},"6":{"start":{"line":23,"column":31},"end":{"line":23,"column":45}},"7":{"start":{"line":24,"column":30},"end":{"line":24,"column":43}},"8":{"start":{"line":44,"column":126},"end":{"line":44,"column":139}}},"fnMap":{"0":{"name":"(anonymous_0)","decl":{"start":{"line":11,"column":20},"end":{"line":11,"column":21}},"loc":{"start":{"line":11,"column":31},"end":{"line":98,"column":1}},"line":11},"1":{"name":"(anonymous_1)","decl":{"start":{"line":14,"column":14},"end":{"line":14,"column":15}},"loc":{"start":{"line":14,"column":20},"end":{"line":18,"column":5}},"line":14},"2":{"name":"(anonymous_2)","decl":{"start":{"line":23,"column":25},"end":{"line":23,"column":26}},"loc":{"start":{"line":23,"column":31},"end":{"line":23,"column":45}},"line":23},"3":{"name":"(anonymous_3)","decl":{"start":{"line":24,"column":24},"end":{"line":24,"column":25}},"loc":{"start":{"line":24,"column":30},"end":{"line":24,"column":43}},"line":24},"4":{"name":"(anonymous_4)","decl":{"start":{"line":44,"column":118},"end":{"line":44,"column":119}},"loc":{"start":{"line":44,"column":124},"end":{"line":44,"column":141}},"line":44}},"branchMap":{"0":{"loc":{"start":{"line":15,"column":8},"end":{"line":17,"column":9}},"type":"if","locations":[{"start":{"line":15,"column":8},"end":{"line":17,"column":9}},{"start":{"line":15,"column":8},"end":{"line":17,"column":9}}],"line":15}},"s":{"0":1,"1":0,"2":0,"3":0,"4":0,"5":0,"6":0,"7":0,"8":0},"f":{"0":0,"1":0,"2":0,"3":0,"4":0},"b":{"0":[0,0]},"_coverageSchema":"1a1c01bbd47fc00a2c39e90264f33305004495a9","hash":"73c3e7e5b409706634457e01f3768956ba21e79e"}
,"/Users/john/Documents/rails-projects/social-media-app/app/javascript/views/auth/Signup.js": {"path":"/Users/john/Documents/rails-projects/social-media-app/app/javascript/views/auth/Signup.js","statementMap":{"0":{"start":{"line":9,"column":23},"end":{"line":11,"column":2}},"1":{"start":{"line":13,"column":28},"end":{"line":16,"column":1}},"2":{"start":{"line":18,"column":19},"end":{"line":118,"column":1}},"3":{"start":{"line":19,"column":31},"end":{"line":19,"column":97}},"4":{"start":{"line":20,"column":45},"end":{"line":20,"column":60}},"5":{"start":{"line":22,"column":18},"end":{"line":22,"column":31}},"6":{"start":{"line":23,"column":17},"end":{"line":23,"column":60}},"7":{"start":{"line":23,"column":40},"end":{"line":23,"column":59}},"8":{"start":{"line":24,"column":22},"end":{"line":29,"column":2}},"9":{"start":{"line":24,"column":33},"end":{"line":29,"column":2}},"10":{"start":{"line":25,"column":2},"end":{"line":28,"column":5}},"11":{"start":{"line":31,"column":22},"end":{"line":37,"column":2}},"12":{"start":{"line":32,"column":2},"end":{"line":32,"column":25}},"13":{"start":{"line":33,"column":20},"end":{"line":33,"column":47}},"14":{"start":{"line":34,"column":2},"end":{"line":36,"column":3}},"15":{"start":{"line":35,"column":3},"end":{"line":35,"column":32}},"16":{"start":{"line":38,"column":1},"end":{"line":46,"column":3}},"17":{"start":{"line":40,"column":3},"end":{"line":43,"column":4}},"18":{"start":{"line":41,"column":4},"end":{"line":41,"column":27}},"19":{"start":{"line":42,"column":4},"end":{"line":42,"column":22}},"20":{"start":{"line":47,"column":1},"end":{"line":117,"column":3}}},"fnMap":{"0":{"name":"(anonymous_0)","decl":{"start":{"line":18,"column":19},"end":{"line":18,"column":20}},"loc":{"start":{"line":18,"column":25},"end":{"line":118,"column":1}},"line":18},"1":{"name":"(anonymous_1)","decl":{"start":{"line":23,"column":29},"end":{"line":23,"column":30}},"loc":{"start":{"line":23,"column":40},"end":{"line":23,"column":59}},"line":23},"2":{"name":"(anonymous_2)","decl":{"start":{"line":24,"column":22},"end":{"line":24,"column":23}},"loc":{"start":{"line":24,"column":33},"end":{"line":29,"column":2}},"line":24},"3":{"name":"(anonymous_3)","decl":{"start":{"line":24,"column":33},"end":{"line":24,"column":34}},"loc":{"start":{"line":24,"column":44},"end":{"line":29,"column":2}},"line":24},"4":{"name":"(anonymous_4)","decl":{"start":{"line":31,"column":22},"end":{"line":31,"column":23}},"loc":{"start":{"line":31,"column":34},"end":{"line":37,"column":2}},"line":31},"5":{"name":"(anonymous_5)","decl":{"start":{"line":39,"column":2},"end":{"line":39,"column":3}},"loc":{"start":{"line":39,"column":8},"end":{"line":44,"column":3}},"line":39}},"branchMap":{"0":{"loc":{"start":{"line":34,"column":2},"end":{"line":36,"column":3}},"type":"if","locations":[{"start":{"line":34,"column":2},"end":{"line":36,"column":3}},{"start":{"line":34,"column":2},"end":{"line":36,"column":3}}],"line":34},"1":{"loc":{"start":{"line":40,"column":3},"end":{"line":43,"column":4}},"type":"if","locations":[{"start":{"line":40,"column":3},"end":{"line":43,"column":4}},{"start":{"line":40,"column":3},"end":{"line":43,"column":4}}],"line":40},"2":{"loc":{"start":{"line":51,"column":12},"end":{"line":51,"column":94}},"type":"cond-expr","locations":[{"start":{"line":51,"column":62},"end":{"line":51,"column":87}},{"start":{"line":51,"column":90},"end":{"line":51,"column":94}}],"line":51},"3":{"loc":{"start":{"line":51,"column":12},"end":{"line":51,"column":59}},"type":"binary-expr","locations":[{"start":{"line":51,"column":12},"end":{"line":51,"column":33}},{"start":{"line":51,"column":37},"end":{"line":51,"column":59}}],"line":51},"4":{"loc":{"start":{"line":60,"column":12},"end":{"line":60,"column":92}},"type":"cond-expr","locations":[{"start":{"line":60,"column":61},"end":{"line":60,"column":85}},{"start":{"line":60,"column":88},"end":{"line":60,"column":92}}],"line":60},"5":{"loc":{"start":{"line":60,"column":12},"end":{"line":60,"column":58}},"type":"binary-expr","locations":[{"start":{"line":60,"column":12},"end":{"line":60,"column":33}},{"start":{"line":60,"column":37},"end":{"line":60,"column":58}}],"line":60},"6":{"loc":{"start":{"line":71,"column":6},"end":{"line":71,"column":100}},"type":"cond-expr","locations":[{"start":{"line":71,"column":52},"end":{"line":71,"column":77}},{"start":{"line":71,"column":80},"end":{"line":71,"column":100}}],"line":71},"7":{"loc":{"start":{"line":71,"column":6},"end":{"line":71,"column":49}},"type":"binary-expr","locations":[{"start":{"line":71,"column":6},"end":{"line":71,"column":27}},{"start":{"line":71,"column":31},"end":{"line":71,"column":49}}],"line":71},"8":{"loc":{"start":{"line":81,"column":12},"end":{"line":81,"column":91}},"type":"cond-expr","locations":[{"start":{"line":81,"column":61},"end":{"line":81,"column":84}},{"start":{"line":81,"column":87},"end":{"line":81,"column":91}}],"line":81},"9":{"loc":{"start":{"line":81,"column":12},"end":{"line":81,"column":58}},"type":"binary-expr","locations":[{"start":{"line":81,"column":12},"end":{"line":81,"column":33}},{"start":{"line":81,"column":37},"end":{"line":81,"column":58}}],"line":81},"10":{"loc":{"start":{"line":98,"column":6},"end":{"line":108,"column":6}},"type":"cond-expr","locations":[{"start":{"line":99,"column":6},"end":{"line":99,"column":59}},{"start":{"line":101,"column":6},"end":{"line":107,"column":15}}],"line":98},"11":{"loc":{"start":{"line":113,"column":6},"end":{"line":113,"column":65}},"type":"cond-expr","locations":[{"start":{"line":113,"column":45},"end":{"line":113,"column":60}},{"start":{"line":113,"column":63},"end":{"line":113,"column":65}}],"line":113}},"s":{"0":2,"1":2,"2":2,"3":3,"4":3,"5":3,"6":3,"7":5,"8":3,"9":12,"10":0,"11":3,"12":1,"13":1,"14":1,"15":0,"16":3,"17":2,"18":0,"19":0,"20":3},"f":{"0":3,"1":5,"2":12,"3":0,"4":1,"5":2},"b":{"0":[0,1],"1":[0,2],"2":[1,2],"3":[3,1],"4":[1,2],"5":[3,1],"6":[1,2],"7":[3,1],"8":[1,2],"9":[3,1],"10":[0,3],"11":[0,3]},"_coverageSchema":"1a1c01bbd47fc00a2c39e90264f33305004495a9","hash":"a9c7cf41dd59574fc26ec4a75f1f6404a4bb6d7f"}
}
