TN:
SF:babel.config.js
FN:1,(anonymous_0)
FNF:1
FNH:0
FNDA:0,(anonymous_0)
DA:1,0
DA:2,0
DA:3,0
DA:4,0
DA:5,0
DA:6,0
DA:8,0
DA:9,0
DA:18,0
LF:9
LH:0
BRDA:8,0,0,0
BRDA:8,0,1,0
BRDA:20,1,0,0
BRDA:20,1,1,0
BRDA:30,2,0,0
BRDA:30,2,1,0
BRDA:30,2,2,0
BRDA:43,3,0,0
BRDA:43,3,1,0
BRDA:51,4,0,0
BRDA:51,4,1,0
BRDA:79,5,0,0
BRDA:79,5,1,0
BRF:13
BRH:0
end_of_record
TN:
SF:postcss.config.js
FNF:0
FNH:0
DA:1,0
LF:1
LH:0
BRF:0
BRH:0
end_of_record
TN:
SF:app/javascript/channels/consumer.js
FNF:0
FNH:0
LF:0
LH:0
BRF:0
BRH:0
end_of_record
TN:
SF:app/javascript/channels/index.js
FNF:0
FNH:0
DA:4,0
DA:5,0
LF:2
LH:0
BRF:0
BRH:0
end_of_record
TN:
SF:app/javascript/components/App.js
FN:6,App
FN:11,(anonymous_1)
FNF:2
FNH:1
FNDA:1,App
FNDA:0,(anonymous_1)
DA:7,1
DA:11,0
LF:2
LH:1
BRF:0
BRH:0
end_of_record
TN:
SF:app/javascript/components/Footer.js
FN:5,(anonymous_0)
FNF:1
FNH:0
FNDA:0,(anonymous_0)
DA:5,1
DA:6,0
LF:2
LH:1
BRF:0
BRH:0
end_of_record
TN:
SF:app/javascript/components/_main.js.jsx
FN:3,(anonymous_0)
FNF:1
FNH:0
FNDA:0,(anonymous_0)
DA:3,0
DA:4,0
LF:2
LH:0
BRF:0
BRH:0
end_of_record
TN:
SF:app/javascript/components/checkmark.js
FN:19,(anonymous_0)
FNF:1
FNH:0
FNDA:0,(anonymous_0)
DA:3,1
DA:9,1
DA:19,1
DA:20,0
LF:4
LH:3
BRF:0
BRH:0
end_of_record
TN:
SF:app/javascript/components/menu.js
FN:4,(anonymous_0)
FNF:1
FNH:0
FNDA:0,(anonymous_0)
DA:4,1
DA:5,0
LF:2
LH:1
BRDA:8,0,0,0
BRDA:8,0,1,0
BRDA:11,1,0,0
BRDA:11,1,1,0
BRDA:14,2,0,0
BRDA:14,2,1,0
BRF:6
BRH:0
end_of_record
TN:
SF:app/javascript/helpers/validation.js
FN:1,(anonymous_0)
FN:5,(anonymous_1)
FNF:2
FNH:2
FNDA:4,(anonymous_0)
FNDA:1,(anonymous_1)
DA:1,2
DA:2,4
DA:5,2
DA:6,1
DA:8,1
DA:9,4
DA:11,1
LF:7
LH:7
BRF:0
BRH:0
end_of_record
TN:
SF:app/javascript/packs/application.js
FNF:0
FNH:0
DA:11,0
DA:12,0
DA:13,0
LF:3
LH:0
BRF:0
BRH:0
end_of_record
TN:
SF:app/javascript/packs/index.js
FN:11,(anonymous_0)
FNF:1
FNH:0
FNDA:0,(anonymous_0)
DA:11,0
DA:12,0
LF:2
LH:0
BRF:0
BRH:0
end_of_record
TN:
SF:app/javascript/redux/Actions/signupAction.js
FN:3,(anonymous_0)
FN:3,(anonymous_1)
FNF:2
FNH:2
FNDA:2,(anonymous_0)
FNDA:2,(anonymous_1)
DA:3,3
DA:4,2
DA:5,2
DA:6,2
DA:12,1
DA:13,1
DA:18,1
DA:23,2
LF:8
LH:8
BRF:0
BRH:0
end_of_record
TN:
SF:app/javascript/redux/reducers/index.js
FNF:0
FNH:0
LF:0
LH:0
BRF:0
BRH:0
end_of_record
TN:
SF:app/javascript/redux/reducers/signupReducer.js
FN:1,(anonymous_0)
FNF:1
FNH:1
FNDA:7,(anonymous_0)
DA:1,2
DA:2,7
DA:4,1
DA:9,1
DA:14,1
DA:19,4
LF:6
LH:6
BRDA:1,0,0,4
BRDA:2,1,0,1
BRDA:2,1,1,1
BRDA:2,1,2,1
BRDA:2,1,3,4
BRF:5
BRH:5
end_of_record
TN:
SF:app/javascript/views/LandingPage.js
FN:11,(anonymous_0)
FN:14,(anonymous_1)
FN:23,(anonymous_2)
FN:24,(anonymous_3)
FN:44,(anonymous_4)
FNF:5
FNH:0
FNDA:0,(anonymous_0)
FNDA:0,(anonymous_1)
FNDA:0,(anonymous_2)
FNDA:0,(anonymous_3)
FNDA:0,(anonymous_4)
DA:11,1
DA:12,0
DA:14,0
DA:15,0
DA:16,0
DA:19,0
DA:23,0
DA:24,0
DA:44,0
LF:9
LH:1
BRDA:15,0,0,0
BRDA:15,0,1,0
BRF:2
BRH:0
end_of_record
TN:
SF:app/javascript/views/auth/Signup.js
FN:18,(anonymous_0)
FN:23,(anonymous_1)
FN:24,(anonymous_2)
FN:24,(anonymous_3)
FN:31,(anonymous_4)
FN:39,(anonymous_5)
FNF:6
FNH:5
FNDA:3,(anonymous_0)
FNDA:5,(anonymous_1)
FNDA:12,(anonymous_2)
FNDA:0,(anonymous_3)
FNDA:1,(anonymous_4)
FNDA:2,(anonymous_5)
DA:9,2
DA:13,2
DA:18,2
DA:19,3
DA:20,3
DA:22,3
DA:23,5
DA:24,12
DA:25,0
DA:31,3
DA:32,1
DA:33,1
DA:34,1
DA:35,0
DA:38,3
DA:40,2
DA:41,0
DA:42,0
DA:47,3
LF:19
LH:15
BRDA:34,0,0,0
BRDA:34,0,1,1
BRDA:40,1,0,0
BRDA:40,1,1,2
BRDA:51,2,0,1
BRDA:51,2,1,2
BRDA:51,3,0,3
BRDA:51,3,1,1
BRDA:60,4,0,1
BRDA:60,4,1,2
BRDA:60,5,0,3
BRDA:60,5,1,1
BRDA:71,6,0,1
BRDA:71,6,1,2
BRDA:71,7,0,3
BRDA:71,7,1,1
BRDA:81,8,0,1
BRDA:81,8,1,2
BRDA:81,9,0,3
BRDA:81,9,1,1
BRDA:98,10,0,0
BRDA:98,10,1,3
BRDA:113,11,0,0
BRDA:113,11,1,3
BRF:24
BRH:20
end_of_record
